C:\Program Files (x86)\Microsoft Visual Studio\2017\Community\Common7\IDE\VC\VCTargets\Microsoft.CppClean.targets(76,5): warning : Proces nie może uzyskać dostępu do pliku „c:\users\arek\desktop\quakelocs\build-quakelocs\x86\release\quakelocs.log”, ponieważ jest on używany przez inny proces.
  bgmusic.c
  cd_sdl.c
  cfgfile.c
  chase.c
  cl_demo.c
  cl_input.c
  cl_main.c
  cl_parse.c
  cl_tent.c
  cmd.c
  common.c
  console.c
  crc.c
  cvar.c
  gl_draw.c
  gl_fog.c
  gl_mesh.c
  gl_model.c
  gl_refrag.c
  gl_rlight.c
  Trwa kompilowanie...
  gl_rmain.c
  gl_rmisc.c
  gl_screen.c
  gl_sky.c
  gl_texmgr.c
  gl_vidsdl.c
  gl_warp.c
  host.c
  host_cmd.c
  image.c
  in_sdl.c
  keys.c
  main_sdl.c
  mathlib.c
  menu.c
  net_dgrm.c
  net_loop.c
  net_main.c
  net_win.c
  net_wins.c
  Trwa kompilowanie...
  net_wipx.c
  pl_win.c
  pr_cmds.c
  pr_edict.c
  pr_exec.c
  r_alias.c
  r_brush.c
  r_part.c
  r_sprite.c
  r_world.c
  sbar.c
  snd_codec.c
  snd_dma.c
  snd_flac.c
  snd_mem.c
  snd_mikmod.c
  snd_mix.c
  snd_mp3.c
  snd_opus.c
  snd_sdl.c
  Trwa kompilowanie...
  snd_umx.c
  snd_vorbis.c
  snd_wave.c
  snd_xmp.c
  strlcat.c
  strlcpy.c
  sv_main.c
  sv_move.c
  sv_phys.c
  sv_user.c
  sys_sdl_win.c
  view.c
  wad.c
  world.c
  zone.c
  SDL_win32_main.c
  LOCS_main.c
  Trwa generowanie kodu
  All 1611 functions were compiled because no usable IPDB/IOBJ from previous compilation was found.
  Zakończono generowanie kodu
  QuakeLOCS.vcxproj -> C:\Users\Arek\Desktop\QuakeLOCS\Build-QuakeLOCS\x86\Release\QuakeLOCS.exe
  C:\Users\Arek\Desktop\QuakeLOCS\\codecs\x86\libFLAC-8.dll
  C:\Users\Arek\Desktop\QuakeLOCS\\codecs\x86\libmad-0.dll
  C:\Users\Arek\Desktop\QuakeLOCS\\codecs\x86\libmikmod-3.dll
  C:\Users\Arek\Desktop\QuakeLOCS\\codecs\x86\libmpg123-0.dll
  C:\Users\Arek\Desktop\QuakeLOCS\\codecs\x86\libogg-0.dll
  C:\Users\Arek\Desktop\QuakeLOCS\\codecs\x86\libopus-0.dll
  C:\Users\Arek\Desktop\QuakeLOCS\\codecs\x86\libopusfile-0.dll
  C:\Users\Arek\Desktop\QuakeLOCS\\codecs\x86\libvorbis-0.dll
  C:\Users\Arek\Desktop\QuakeLOCS\\codecs\x86\libvorbisfile-3.dll
  C:\Users\Arek\Desktop\QuakeLOCS\\codecs\x86\libvorbisidec-1.dll
  C:\Users\Arek\Desktop\QuakeLOCS\\codecs\x86\libxmp.dll
  Liczba skopiowanych plików:        11.
  C:\Users\Arek\Desktop\QuakeLOCS\\SDL\lib\SDL.dll
  Liczba skopiowanych plików:         1.
  C:\Users\Arek\Desktop\QuakeLOCS\Build-QuakeLOCS\x86\Release\QuakeLOCS.log
  Proces nie może uzyskać dostępu do pliku, ponieważ jest on używany przez inny proces.
